<?xml version="1.0" encoding="UTF-8"?>
<!-- Generated by org.testng.reporters.JUnitReportReporter -->
<testsuite hostname="IN-LP-84" failures="0" tests="1" name="testCases.BaseClass" time="2.079" errors="0" timestamp="2024-10-21T12:26:45 IST" skipped="0">
  <testcase classname="testCases.BaseClass" name="Navi" time="2.079"/>
</testsuite> <!-- testCases.BaseClass -->
