<?xml version="1.0" encoding="UTF-8"?>
<!-- Generated by org.testng.reporters.JUnitReportReporter -->
<testsuite hostname="IN-LP-84" failures="0" tests="2" name="testCases.TestNgTest" time="0.006" errors="0" timestamp="2024-10-24T11:59:53 IST" skipped="0">
  <testcase classname="testCases.TestNgTest" name="secondTest" time="0.001"/>
  <testcase classname="testCases.TestNgTest" name="FirstTEst" time="0.005"/>
</testsuite> <!-- testCases.TestNgTest -->
