<?xml version="1.0" encoding="UTF-8"?>
<!-- Generated by org.testng.reporters.JUnitReportReporter -->
<testsuite hostname="IN-LP-84" failures="0" tests="1" name="testCases.MultiText" time="0.752" errors="0" timestamp="2024-10-16T10:19:11 IST" skipped="0">
  <testcase classname="testCases.MultiText" name="multitest" time="0.752"/>
</testsuite> <!-- testCases.MultiText -->
