<?xml version="1.0" encoding="UTF-8"?>
<!-- Generated by org.testng.reporters.JUnitReportReporter -->
<testsuite hostname="IN-LP-84" failures="0" tests="1" name="testCases.DragTest" time="2.046" errors="0" timestamp="2024-10-16T09:55:41 IST" skipped="0">
  <testcase classname="testCases.DragTest" name="ChekcStatic" time="2.046"/>
</testsuite> <!-- testCases.DragTest -->
