<?xml version="1.0" encoding="UTF-8"?>
<!-- Generated by org.testng.reporters.JUnitReportReporter -->
<testsuite hostname="IN-LP-84" failures="0" tests="3" name="testCases.DataPro" time="0.013" errors="0" timestamp="2024-10-28T12:03:49 IST" skipped="0">
  <testcase classname="testCases.DataPro" name="checkLogin" time="0.001"/>
  <testcase classname="testCases.DataPro" name="checkLogin" time="0.011"/>
  <testcase classname="testCases.DataPro" name="checkLogin" time="0.001"/>
</testsuite> <!-- testCases.DataPro -->
