<?xml version="1.0" encoding="UTF-8"?>
<!-- Generated by org.testng.reporters.JUnitReportReporter -->
<testsuite hostname="IN-LP-84" failures="0" tests="1" name="testCases.TestCase2" time="6.069" errors="0" timestamp="2024-10-14T10:42:25 IST" skipped="0">
  <testcase classname="testCases.TestCase2" name="checkwindow" time="6.069"/>
  <system-out/>
</testsuite> <!-- testCases.TestCase2 -->
