<?xml version="1.0" encoding="UTF-8"?>
<!-- Generated by org.testng.reporters.JUnitReportReporter -->
<testsuite hostname="IN-LP-84" failures="0" tests="4" name="testCases.ReadData" time="0.005" errors="0" timestamp="2024-10-18T11:27:43 IST" skipped="0">
  <testcase classname="testCases.ReadData" name="Readdata" time="0.000"/>
  <testcase classname="testCases.ReadData" name="Readdata" time="0.005"/>
  <testcase classname="testCases.ReadData" name="Readdata" time="0.000"/>
  <testcase classname="testCases.ReadData" name="Readdata" time="0.000"/>
</testsuite> <!-- testCases.ReadData -->
