<?xml version="1.0" encoding="UTF-8"?>
<!-- Generated by org.testng.reporters.JUnitReportReporter -->
<testsuite hostname="IN-LP-84" failures="0" tests="1" name="testCases.TestCase1" time="2.584" errors="0" timestamp="2024-10-11T12:10:12 IST" skipped="0">
  <testcase classname="testCases.TestCase1" name="checkMain" time="2.584"/>
  <system-out/>
</testsuite> <!-- testCases.TestCase1 -->
