<?xml version="1.0" encoding="UTF-8"?>
<!-- Generated by org.testng.reporters.JUnitReportReporter -->
<testsuite hostname="IN-LP-84" failures="0" tests="1" name="testCases.WebTables" time="12.163" errors="0" timestamp="2024-10-17T13:41:56 IST" skipped="0">
  <testcase classname="testCases.WebTables" name="launch" time="12.163"/>
</testsuite> <!-- testCases.WebTables -->
